<?xml version="1.0" encoding="UTF-8"?>
<!-- Generated by org.testng.reporters.JUnitReportReporter -->
<testsuite hostname="DESKTOP-QSM3Q2F" failures="0" tests="3" name="com.qa.testcases.LoginPageTest" time="60.882" errors="0" timestamp="2020-08-24T21:09:53 IST" skipped="0">
  <testcase classname="com.qa.testcases.LoginPageTest" name="loginpagetitletest" time="14.415"/>
  <system-out/>
  <testcase classname="com.qa.testcases.LoginPageTest" name="crmlogotest" time="18.093"/>
  <system-out/>
  <testcase classname="com.qa.testcases.LoginPageTest" name="logintest" time="28.374"/>
  <system-out/>
</testsuite> <!-- com.qa.testcases.LoginPageTest -->
