<?xml version="1.0" encoding="UTF-8"?>
<!-- Generated by org.testng.reporters.JUnitReportReporter -->
<testsuite hostname="DESKTOP-QSM3Q2F" failures="0" tests="21" name="com.qa.testcases.Footer_page_test" time="368.418" errors="0" timestamp="2020-08-25T15:37:30 IST" skipped="0">
  <testcase classname="com.qa.testcases.Footer_page_test" name="Help_Centerfooterlnkcheck" time="17.613"/>
  <system-out/>
  <testcase classname="com.qa.testcases.Footer_page_test" name="verify_my_account_link" time="15.737"/>
  <system-out/>
  <testcase classname="com.qa.testcases.Footer_page_test" name="verify_Peets_Cards" time="14.250"/>
  <system-out/>
  <testcase classname="com.qa.testcases.Footer_page_test" name="verify_Peetnik_cardslnk" time="15.461"/>
  <system-out/>
  <testcase classname="com.qa.testcases.Footer_page_test" name="verify_Shipping_Returnslink" time="13.408"/>
  <system-out/>
  <testcase classname="com.qa.testcases.Footer_page_test" name="verify_Current_Offerslink" time="13.864"/>
  <system-out/>
  <testcase classname="com.qa.testcases.Footer_page_test" name="verifyGrocery_Storeslink" time="16.521"/>
  <system-out/>
  <testcase classname="com.qa.testcases.Footer_page_test" name="verifyCodeofEthicslnkcheck" time="14.912"/>
  <system-out/>
  <testcase classname="com.qa.testcases.Footer_page_test" name="verifyResponsibleSourcinglnkcheck" time="19.936"/>
  <system-out/>
  <testcase classname="com.qa.testcases.Footer_page_test" name="verifySubmitASitelnkcheck" time="18.105"/>
  <system-out/>
  <testcase classname="com.qa.testcases.Footer_page_test" name="verifyAffiliateProgramlnkcheck" time="36.466"/>
  <system-out/>
  <testcase classname="com.qa.testcases.Footer_page_test" name="verifySupplyChainTransparencylnk" time="19.141"/>
  <system-out/>
  <testcase classname="com.qa.testcases.Footer_page_test" name="verifyLicensedPartners" time="14.307"/>
  <system-out/>
  <testcase classname="com.qa.testcases.Footer_page_test" name="verifyProudlyPouringlnkcheck" time="15.255"/>
  <system-out/>
  <testcase classname="com.qa.testcases.Footer_page_test" name="verifyOfficeCoffeelink" time="19.097"/>
  <system-out/>
  <testcase classname="com.qa.testcases.Footer_page_test" name="HverifyMightyLeafTealnk" time="15.256"/>
  <system-out/>
  <testcase classname="com.qa.testcases.Footer_page_test" name="verifyJoinPeetslink" time="13.707"/>
  <system-out/>
  <testcase classname="com.qa.testcases.Footer_page_test" name="verifySocialResponsibilitylink" time="26.036"/>
  <system-out/>
  <testcase classname="com.qa.testcases.Footer_page_test" name="verifyOurpeoplelink" time="14.075"/>
  <system-out/>
  <testcase classname="com.qa.testcases.Footer_page_test" name="verifyNewsroom" time="15.193"/>
  <system-out/>
  <testcase classname="com.qa.testcases.Footer_page_test" name="verifyreferafriendlink" time="20.078"/>
  <system-out/>
</testsuite> <!-- com.qa.testcases.Footer_page_test -->
