<?xml version="1.0" encoding="UTF-8"?>
<!-- Generated by org.testng.reporters.JUnitReportReporter -->
<testsuite hostname="DESKTOP-QSM3Q2F" failures="0" tests="21" name="com.qa.testcases.Footer_page_test" time="328.925" errors="0" timestamp="2020-08-24T21:09:53 IST" skipped="0">
  <testcase classname="com.qa.testcases.Footer_page_test" name="Help_Centerfooterlnkcheck" time="15.167"/>
  <system-out/>
  <testcase classname="com.qa.testcases.Footer_page_test" name="verify_my_account_link" time="15.050"/>
  <system-out/>
  <testcase classname="com.qa.testcases.Footer_page_test" name="verify_Peets_Cards" time="14.719"/>
  <system-out/>
  <testcase classname="com.qa.testcases.Footer_page_test" name="verify_Peetnik_cardslnk" time="14.569"/>
  <system-out/>
  <testcase classname="com.qa.testcases.Footer_page_test" name="verify_Shipping_Returnslink" time="35.085"/>
  <system-out/>
  <testcase classname="com.qa.testcases.Footer_page_test" name="verify_Current_Offerslink" time="14.117"/>
  <system-out/>
  <testcase classname="com.qa.testcases.Footer_page_test" name="verifyGrocery_Storeslink" time="13.702"/>
  <system-out/>
  <testcase classname="com.qa.testcases.Footer_page_test" name="verifyCodeofEthicslnkcheck" time="14.941"/>
  <system-out/>
  <testcase classname="com.qa.testcases.Footer_page_test" name="verifyResponsibleSourcinglnkcheck" time="14.492"/>
  <system-out/>
  <testcase classname="com.qa.testcases.Footer_page_test" name="verifySubmitASitelnkcheck" time="14.840"/>
  <system-out/>
  <testcase classname="com.qa.testcases.Footer_page_test" name="verifyAffiliateProgramlnkcheck" time="14.801"/>
  <system-out/>
  <testcase classname="com.qa.testcases.Footer_page_test" name="verifySupplyChainTransparencylnk" time="16.130"/>
  <system-out/>
  <testcase classname="com.qa.testcases.Footer_page_test" name="verifyLicensedPartners" time="14.207"/>
  <system-out/>
  <testcase classname="com.qa.testcases.Footer_page_test" name="verifyProudlyPouringlnkcheck" time="16.824"/>
  <system-out/>
  <testcase classname="com.qa.testcases.Footer_page_test" name="verifyOfficeCoffeelink" time="16.427"/>
  <system-out/>
  <testcase classname="com.qa.testcases.Footer_page_test" name="HverifyMightyLeafTealnk" time="13.787"/>
  <system-out/>
  <testcase classname="com.qa.testcases.Footer_page_test" name="verifyJoinPeetslink" time="13.606"/>
  <system-out/>
  <testcase classname="com.qa.testcases.Footer_page_test" name="verifySocialResponsibilitylink" time="13.822"/>
  <system-out/>
  <testcase classname="com.qa.testcases.Footer_page_test" name="verifyOurpeoplelink" time="14.608"/>
  <system-out/>
  <testcase classname="com.qa.testcases.Footer_page_test" name="verifyNewsroom" time="14.332"/>
  <system-out/>
  <testcase classname="com.qa.testcases.Footer_page_test" name="verifyreferafriendlink" time="13.699"/>
  <system-out/>
</testsuite> <!-- com.qa.testcases.Footer_page_test -->
