<?xml version="1.0" encoding="UTF-8"?>
<!-- Generated by org.testng.reporters.JUnitReportReporter -->
<testsuite hostname="DESKTOP-QSM3Q2F" failures="0" tests="3" name="com.qa.testcases.seachpagetest" time="65.962" errors="0" timestamp="2020-08-25T15:37:30 IST" skipped="0">
  <testcase classname="com.qa.testcases.seachpagetest" name="searchandscroll" time="14.123"/>
  <system-out/>
  <testcase classname="com.qa.testcases.seachpagetest" name="clicksearch" time="26.357"/>
  <system-out/>
  <testcase classname="com.qa.testcases.seachpagetest" name="searchtea" time="25.482"/>
  <system-out/>
</testsuite> <!-- com.qa.testcases.seachpagetest -->
