<?xml version="1.0" encoding="UTF-8"?>
<!-- Generated by org.testng.reporters.JUnitReportReporter -->
<testsuite hostname="DESKTOP-QSM3Q2F" failures="0" tests="3" name="com.qa.testcases.LoginPageTest" time="89.774" errors="0" timestamp="2020-08-25T15:37:30 IST" skipped="0">
  <testcase classname="com.qa.testcases.LoginPageTest" name="loginpagetitletest" time="25.836"/>
  <system-out/>
  <testcase classname="com.qa.testcases.LoginPageTest" name="crmlogotest" time="17.498"/>
  <system-out/>
  <testcase classname="com.qa.testcases.LoginPageTest" name="logintest" time="46.440"/>
  <system-out/>
</testsuite> <!-- com.qa.testcases.LoginPageTest -->
