<?xml version="1.0" encoding="UTF-8"?>
<!-- Generated by org.testng.reporters.JUnitReportReporter -->
<testsuite hostname="DESKTOP-QSM3Q2F" failures="0" tests="3" name="com.qa.testcases.seachpagetest" time="57.310" errors="0" timestamp="2020-08-24T21:09:53 IST" skipped="0">
  <testcase classname="com.qa.testcases.seachpagetest" name="searchandscroll" time="14.980"/>
  <system-out/>
  <testcase classname="com.qa.testcases.seachpagetest" name="clicksearch" time="22.054"/>
  <system-out/>
  <testcase classname="com.qa.testcases.seachpagetest" name="searchtea" time="20.276"/>
  <system-out/>
</testsuite> <!-- com.qa.testcases.seachpagetest -->
