<?xml version="1.0" encoding="UTF-8"?>
<!-- Generated by org.testng.reporters.JUnitReportReporter -->
<testsuite hostname="DESKTOP-QSM3Q2F" failures="0" tests="4" name="com.qa.testcases.Coffeepagetest" time="114.399" errors="0" timestamp="2020-08-24T19:13:02 IST" skipped="0">
  <testcase classname="com.qa.testcases.Coffeepagetest" name="searchcoffeitem" time="20.430"/>
  <system-out/>
  <testcase classname="com.qa.testcases.Coffeepagetest" name="coffeePDPpage" time="25.236"/>
  <system-out/>
  <testcase classname="com.qa.testcases.Coffeepagetest" name="incresedecrease" time="39.749"/>
  <system-out/>
  <testcase classname="com.qa.testcases.Coffeepagetest" name="coffeeitemtocart" time="28.984"/>
  <system-out/>
</testsuite> <!-- com.qa.testcases.Coffeepagetest -->
