<?xml version="1.0" encoding="UTF-8"?>
<!-- Generated by org.testng.reporters.JUnitReportReporter -->
<testsuite hostname="DESKTOP-QSM3Q2F" failures="0" tests="9" name="com.qa.testcases.Homepagetest" time="214.364" errors="0" timestamp="2020-08-24T21:09:53 IST" skipped="0">
  <testcase classname="com.qa.testcases.Homepagetest" name="Hoveronsubscriptionsheaderlink" time="14.333"/>
  <system-out/>
  <testcase classname="com.qa.testcases.Homepagetest" name="Hoveronsubscriptionsheaderlinkclick" time="16.135"/>
  <system-out/>
  <testcase classname="com.qa.testcases.Homepagetest" name="Hoveronlocationsheaderlink" time="15.010"/>
  <system-out/>
  <testcase classname="com.qa.testcases.Homepagetest" name="Hoveronmenuheaderlink" time="29.518"/>
  <system-out/>
  <testcase classname="com.qa.testcases.Homepagetest" name="Hoveronrewardslink" time="20.630"/>
  <system-out/>
  <testcase classname="com.qa.testcases.Homepagetest" name="navigatetocoffeehomepage" time="37.661"/>
  <system-out/>
  <testcase classname="com.qa.testcases.Homepagetest" name="navigatetoteahomepage" time="26.224"/>
  <system-out/>
  <testcase classname="com.qa.testcases.Homepagetest" name="navigatetoequipmenthomepage" time="36.798"/>
  <system-out/>
  <testcase classname="com.qa.testcases.Homepagetest" name="navigatetorewardshomepage" time="18.055"/>
  <system-out/>
</testsuite> <!-- com.qa.testcases.Homepagetest -->
