<?xml version="1.0" encoding="UTF-8"?>
<!-- Generated by org.testng.reporters.JUnitReportReporter -->
<testsuite hostname="DESKTOP-QSM3Q2F" failures="0" tests="1" name="com.qa.testcases.checckout_page_test" time="77.168" errors="0" timestamp="2020-08-25T15:37:30 IST" skipped="0">
  <testcase classname="com.qa.testcases.checckout_page_test" name="checkout_check" time="77.168"/>
  <system-out/>
</testsuite> <!-- com.qa.testcases.checckout_page_test -->
