<?xml version="1.0" encoding="UTF-8"?>
<!-- Generated by org.testng.reporters.JUnitReportReporter -->
<testsuite hostname="DESKTOP-QSM3Q2F" failures="0" tests="3" name="com.qa.testcases.seachpagetest" time="55.001" errors="0" timestamp="2020-08-21T17:59:10 IST" skipped="0">
  <testcase classname="com.qa.testcases.seachpagetest" name="searchandscroll" time="13.922"/>
  <system-out/>
  <testcase classname="com.qa.testcases.seachpagetest" name="clicksearch" time="22.329"/>
  <system-out/>
  <testcase classname="com.qa.testcases.seachpagetest" name="searchtea" time="18.750"/>
  <system-out/>
</testsuite> <!-- com.qa.testcases.seachpagetest -->
