<?xml version="1.0" encoding="UTF-8"?>
<!-- Generated by org.testng.reporters.JUnitReportReporter -->
<testsuite hostname="DESKTOP-QSM3Q2F" failures="0" tests="4" name="com.qa.testcases.Coffeepagetest" time="105.689" errors="0" timestamp="2020-08-21T17:59:10 IST" skipped="0">
  <testcase classname="com.qa.testcases.Coffeepagetest" name="searchcoffeitem" time="14.301"/>
  <system-out/>
  <testcase classname="com.qa.testcases.Coffeepagetest" name="coffeePDPpage" time="21.885"/>
  <system-out/>
  <testcase classname="com.qa.testcases.Coffeepagetest" name="incresedecrease" time="35.431"/>
  <system-out/>
  <testcase classname="com.qa.testcases.Coffeepagetest" name="coffeeitemtocart" time="34.072"/>
  <system-out/>
</testsuite> <!-- com.qa.testcases.Coffeepagetest -->
