<?xml version="1.0" encoding="UTF-8"?>
<!-- Generated by org.testng.reporters.JUnitReportReporter -->
<testsuite hostname="DESKTOP-QSM3Q2F" failures="0" tests="9" name="com.qa.testcases.Homepagetest" time="196.034" errors="0" timestamp="2020-08-21T17:59:10 IST" skipped="0">
  <testcase classname="com.qa.testcases.Homepagetest" name="Hoveronsubscriptionsheaderlink" time="13.831"/>
  <system-out/>
  <testcase classname="com.qa.testcases.Homepagetest" name="Hoveronsubscriptionsheaderlinkclick" time="33.291"/>
  <system-out/>
  <testcase classname="com.qa.testcases.Homepagetest" name="Hoveronlocationsheaderlink" time="14.281"/>
  <system-out/>
  <testcase classname="com.qa.testcases.Homepagetest" name="Hoveronmenuheaderlink" time="15.477"/>
  <system-out/>
  <testcase classname="com.qa.testcases.Homepagetest" name="Hoveronrewardslink" time="14.219"/>
  <system-out/>
  <testcase classname="com.qa.testcases.Homepagetest" name="navigatetocoffeehomepage" time="56.040"/>
  <system-out/>
  <testcase classname="com.qa.testcases.Homepagetest" name="navigatetoteahomepage" time="16.061"/>
  <system-out/>
  <testcase classname="com.qa.testcases.Homepagetest" name="navigatetoequipmenthomepage" time="15.992"/>
  <system-out/>
  <testcase classname="com.qa.testcases.Homepagetest" name="navigatetorewardshomepage" time="16.842"/>
  <system-out/>
</testsuite> <!-- com.qa.testcases.Homepagetest -->
