<?xml version="1.0" encoding="UTF-8"?>
<!-- Generated by org.testng.reporters.JUnitReportReporter -->
<testsuite hostname="DESKTOP-QSM3Q2F" failures="0" tests="3" name="com.qa.testcases.LoginPageTest" time="57.423" errors="0" timestamp="2020-08-21T17:59:10 IST" skipped="0">
  <testcase classname="com.qa.testcases.LoginPageTest" name="loginpagetitletest" time="15.002"/>
  <system-out/>
  <testcase classname="com.qa.testcases.LoginPageTest" name="crmlogotest" time="15.066"/>
  <system-out/>
  <testcase classname="com.qa.testcases.LoginPageTest" name="logintest" time="27.355"/>
  <system-out/>
</testsuite> <!-- com.qa.testcases.LoginPageTest -->
